<?xml version="1.0" encoding="UTF-8"?>
<!-- Generated by org.testng.reporters.JUnitReportReporter -->
<testsuite skipped="0" hostname="DESKTOP-UI45AN4" name="testpackage.sel1" tests="1" failures="0" timestamp="2021-05-25T16:45:41 IST" time="8.791" errors="0">
  <testcase name="f" time="8.791" classname="testpackage.sel1"/>
  <system-out/>
</testsuite> <!-- testpackage.sel1 -->
