<?xml version="1.0" encoding="UTF-8"?>
<!-- Generated by org.testng.reporters.JUnitReportReporter -->
<testsuite skipped="0" hostname="DESKTOP-UI45AN4" name="testpackage.ATest" tests="1" failures="0" timestamp="2021-05-25T16:50:13 IST" time="7.423" errors="0">
  <testcase name="f" time="7.423" classname="testpackage.ATest"/>
  <system-out/>
</testsuite> <!-- testpackage.ATest -->
